<?xml version="1.0" encoding="UTF-8"?>
<testsuite name="org.solent.com528.project.impl.service.rest.client.test.RestClientDAOServiceFacadeTest" time="0.205" tests="2" errors="0" skipped="0" failures="0">
  <properties>
[...]
</properties>
  <testcase name="priceCalculatorSimpleTest" classname="org.solent.com528.project.impl.service.rest.client.test.RestClientDAOServiceFacadeTest" time="0.185"/>
  <testcase name="testStationDAO" classname="org.solent.com528.project.impl.service.rest.client.test.RestClientDAOServiceFacadeTest" time="0.02"/>
</testsuite>